<?xml version="1.0" encoding="UTF-8"?>
<!-- Generated by org.testng.reporters.JUnitReportReporter -->
<testsuite hostname="Shafkats-MBP.fios-router.home" failures="1" tests="6" name="com.hrms.tests.priorityTesting" time="0.003" errors="0" timestamp="24 Feb 2021 19:21:27 GMT">
  <testcase classname="com.hrms.tests.priorityTesting" name="test6" time="0.000"/>
  <testcase classname="com.hrms.tests.priorityTesting" name="test4" time="0.001"/>
  <testcase classname="com.hrms.tests.priorityTesting" name="test7" time="0.001"/>
  <testcase classname="com.hrms.tests.priorityTesting" name="test5" time="0.001"/>
  <testcase classname="com.hrms.tests.priorityTesting" name="test2" time="0.000"/>
  <testcase classname="com.hrms.tests.priorityTesting" name="test1" time="0.000">
    <failure message="
Parameter &#039;myName&#039; is required by @Test on method test1 but has not been marked @Optional or defined
in /Users/uyghurkid/eclipse-workspace/com.hrms_TechCircle/regressionTesting.xml" type="org.testng.TestNGException">
      <![CDATA[org.testng.TestNGException: 
Parameter 'myName' is required by @Test on method test1 but has not been marked @Optional or defined
in /Users/uyghurkid/eclipse-workspace/com.hrms_TechCircle/regressionTesting.xml
	at org.testng.internal.Parameters.createParameters(Parameters.java:155)
	at org.testng.internal.Parameters.createParameters(Parameters.java:355)
	at org.testng.internal.Parameters.handleParameters(Parameters.java:447)
	at org.testng.internal.Invoker.handleParameters(Invoker.java:1383)
	at org.testng.internal.Invoker.createParameters(Invoker.java:1075)
	at org.testng.internal.Invoker.invokeTestMethods(Invoker.java:1180)
	at org.testng.internal.TestMethodWorker.invokeTestMethods(TestMethodWorker.java:127)
	at org.testng.internal.TestMethodWorker.run(TestMethodWorker.java:111)
	at org.testng.TestRunner.privateRun(TestRunner.java:767)
	at org.testng.TestRunner.run(TestRunner.java:617)
	at org.testng.SuiteRunner.runTest(SuiteRunner.java:334)
	at org.testng.SuiteRunner.runSequentially(SuiteRunner.java:329)
	at org.testng.SuiteRunner.privateRun(SuiteRunner.java:291)
	at org.testng.SuiteRunner.run(SuiteRunner.java:240)
	at org.testng.SuiteRunnerWorker.runSuite(SuiteRunnerWorker.java:52)
	at org.testng.SuiteRunnerWorker.run(SuiteRunnerWorker.java:86)
	at org.testng.TestNG.runSuitesSequentially(TestNG.java:1198)
	at org.testng.TestNG.runSuitesLocally(TestNG.java:1123)
	at org.testng.TestNG.run(TestNG.java:1031)
	at org.testng.remote.AbstractRemoteTestNG.run(AbstractRemoteTestNG.java:115)
	at org.testng.remote.RemoteTestNG.initAndRun(RemoteTestNG.java:251)
	at org.testng.remote.RemoteTestNG.main(RemoteTestNG.java:77)
]]>
    </failure>
  </testcase> <!-- test1 -->
</testsuite> <!-- com.hrms.tests.priorityTesting -->
